[2026-05-29 13:44:18,729: INFO: main: Welcome to Python Advance Batch-1 logs:]
[2026-05-29 13:44:44,647: INFO: main: Welcome to Python Advance Batch-1 logs:]
[2026-05-29 17:23:25,257: INFO: common: YAML file config\config.yaml loaded successfully:]
[2026-05-29 17:23:25,260: INFO: common: YAML file params.yaml loaded successfully:]
[2026-05-29 17:23:25,262: INFO: common: created directory at: artifacts:]
[2026-05-29 17:23:25,265: INFO: common: created directory at: artifacts/data_ingestion:]
[2026-05-29 17:23:26,302: INFO: 4037744573: artifacts/data_ingestion/data.zip download! with following info: 
Connection: close
Content-Length: 11616915
Cache-Control: max-age=300
Content-Security-Policy: default-src 'none'; style-src 'unsafe-inline'; sandbox
Content-Type: application/zip
ETag: "adf745abc03891fe493c3be264ec012691fe3fa21d861f35a27edbe6d86a76b1"
Strict-Transport-Security: max-age=31536000
X-Content-Type-Options: nosniff
X-Frame-Options: deny
X-XSS-Protection: 1; mode=block
X-GitHub-Request-Id: A31A:2FB4BD:80E934:9CFEAA:6A197931
Accept-Ranges: bytes
Date: Fri, 29 May 2026 11:53:26 GMT
Via: 1.1 varnish
X-Served-By: cache-del-vibw2260025-DEL
X-Cache: HIT
X-Cache-Hits: 1
X-Timer: S1780055606.338473,VS0,VE7
Vary: Authorization,Accept-Encoding
Access-Control-Allow-Origin: *
Cross-Origin-Resource-Policy: cross-origin
X-Fastly-Request-ID: 80e070db6234ec33a44c1cddbc4442ded05f1da9
Expires: Fri, 29 May 2026 11:58:26 GMT
Source-Age: 19

:]
[2026-06-02 16:59:02,187: INFO: main: >>>>>> Data Ingestion Stage started <<<<<<:]
[2026-06-02 16:59:02,190: INFO: common: YAML file config\config.yaml loaded successfully:]
[2026-06-02 16:59:02,194: INFO: common: YAML file params.yaml loaded successfully:]
[2026-06-02 16:59:02,194: INFO: common: created directory at: artifacts:]
[2026-06-02 16:59:02,198: INFO: common: created directory at: artifacts/data_ingestion:]
[2026-06-02 16:59:02,200: INFO: data_ingestion: File already exists of size: ~ 11345 KB:]
[2026-06-02 16:59:04,122: INFO: main: >>>>>> Data Ingestion Stage completed <<<<<<

x==========x:]
[2026-06-03 16:58:07,728: INFO: common: YAML file config\config.yaml loaded successfully:]
[2026-06-03 16:58:07,733: INFO: common: YAML file params.yaml loaded successfully:]
[2026-06-03 16:58:07,736: INFO: common: created directory at: artifacts:]
[2026-06-03 16:58:07,739: INFO: common: created directory at: artifacts/prepare_base_model:]
[2026-06-03 16:58:15,345: WARNING: saving_api: You are saving your model as an HDF5 file via `model.save()` or `keras.saving.save_model(model)`. This file format is considered legacy. We recommend using instead the native Keras format, e.g. `model.save('my_model.keras')` or `keras.saving.save_model(model, 'my_model.keras')`. :]
[2026-06-03 16:58:15,591: WARNING: config: TensorFlow GPU support is not available on native Windows for TensorFlow >= 2.11. Even if CUDA/cuDNN are installed, GPU will not be used. Please use WSL2 or the TensorFlow-DirectML plugin.:]
[2026-06-03 16:58:15,689: WARNING: saving_api: You are saving your model as an HDF5 file via `model.save()` or `keras.saving.save_model(model)`. This file format is considered legacy. We recommend using instead the native Keras format, e.g. `model.save('my_model.keras')` or `keras.saving.save_model(model, 'my_model.keras')`. :]
[2026-06-03 17:18:58,307: INFO: main: >>>>>> Data Ingestion Stage started <<<<<<:]
[2026-06-03 17:18:58,309: INFO: common: YAML file config\config.yaml loaded successfully:]
[2026-06-03 17:18:58,311: INFO: common: YAML file params.yaml loaded successfully:]
[2026-06-03 17:18:58,311: INFO: common: created directory at: artifacts:]
[2026-06-03 17:18:58,313: INFO: common: created directory at: artifacts/data_ingestion:]
[2026-06-03 17:18:58,316: INFO: data_ingestion: File already exists of size: ~ 11345 KB:]
[2026-06-03 17:19:00,052: INFO: main: >>>>>> Data Ingestion Stage completed <<<<<<

x==========x:]
[2026-06-03 17:19:00,058: INFO: main: >>>>>> Prepare Base Model started <<<<<<:]
[2026-06-03 17:19:00,060: INFO: common: YAML file config\config.yaml loaded successfully:]
[2026-06-03 17:19:00,061: INFO: common: YAML file params.yaml loaded successfully:]
[2026-06-03 17:19:00,061: INFO: common: created directory at: artifacts:]
[2026-06-03 17:19:00,061: INFO: common: created directory at: artifacts/prepare_base_model:]
[2026-06-03 17:19:00,776: WARNING: saving_api: You are saving your model as an HDF5 file via `model.save()` or `keras.saving.save_model(model)`. This file format is considered legacy. We recommend using instead the native Keras format, e.g. `model.save('my_model.keras')` or `keras.saving.save_model(model, 'my_model.keras')`. :]
[2026-06-03 17:19:01,023: WARNING: config: TensorFlow GPU support is not available on native Windows for TensorFlow >= 2.11. Even if CUDA/cuDNN are installed, GPU will not be used. Please use WSL2 or the TensorFlow-DirectML plugin.:]
[2026-06-03 17:19:01,060: WARNING: saving_api: You are saving your model as an HDF5 file via `model.save()` or `keras.saving.save_model(model)`. This file format is considered legacy. We recommend using instead the native Keras format, e.g. `model.save('my_model.keras')` or `keras.saving.save_model(model, 'my_model.keras')`. :]
[2026-06-03 17:19:01,242: INFO: main: >>>>>> Prepare Base Model completed <<<<<<

x==========x:]
[2026-06-05 16:55:35,807: INFO: common: YAML file config\config.yaml loaded successfully:]
[2026-06-05 16:55:35,812: INFO: common: YAML file params.yaml loaded successfully:]
[2026-06-05 16:55:35,815: INFO: common: created directory at: artifacts:]
[2026-06-05 16:55:35,819: INFO: common: created directory at: artifacts\prepare_callbacks\checkpoint_dir:]
[2026-06-05 16:55:35,822: INFO: common: created directory at: artifacts\prepare_callbacks\tensorboard_log_dir:]
[2026-06-08 16:56:54,936: INFO: common: YAML file config\config.yaml loaded successfully:]
[2026-06-08 16:56:54,941: INFO: common: YAML file params.yaml loaded successfully:]
[2026-06-08 16:56:54,945: INFO: common: created directory at: artifacts:]
[2026-06-08 16:56:54,948: INFO: common: created directory at: artifacts\prepare_callbacks\checkpoint_dir:]
[2026-06-08 16:56:54,953: INFO: common: created directory at: artifacts\prepare_callbacks\tensorboard_log_dir:]
[2026-06-08 16:56:54,956: INFO: common: created directory at: artifacts\training:]
[2026-06-08 16:56:55,747: WARNING: config: TensorFlow GPU support is not available on native Windows for TensorFlow >= 2.11. Even if CUDA/cuDNN are installed, GPU will not be used. Please use WSL2 or the TensorFlow-DirectML plugin.:]
[2026-06-08 17:01:05,092: WARNING: saving_api: You are saving your model as an HDF5 file via `model.save()` or `keras.saving.save_model(model)`. This file format is considered legacy. We recommend using instead the native Keras format, e.g. `model.save('my_model.keras')` or `keras.saving.save_model(model, 'my_model.keras')`. :]
[2026-06-08 17:01:05,276: WARNING: saving_api: You are saving your model as an HDF5 file via `model.save()` or `keras.saving.save_model(model)`. This file format is considered legacy. We recommend using instead the native Keras format, e.g. `model.save('my_model.keras')` or `keras.saving.save_model(model, 'my_model.keras')`. :]
[2026-06-09 16:57:00,947: INFO: main: >>>>>> Data Ingestion Stage started <<<<<<:]
[2026-06-09 16:57:00,949: INFO: common: YAML file config\config.yaml loaded successfully:]
[2026-06-09 16:57:00,952: INFO: common: YAML file params.yaml loaded successfully:]
[2026-06-09 16:57:00,952: INFO: common: created directory at: artifacts:]
[2026-06-09 16:57:00,956: INFO: common: created directory at: artifacts/data_ingestion:]
[2026-06-09 16:57:00,956: INFO: data_ingestion: File already exists of size: ~ 11345 KB:]
[2026-06-09 16:57:02,151: INFO: main: >>>>>> Data Ingestion Stage completed <<<<<<

x==========x:]
[2026-06-09 16:57:02,152: INFO: main: >>>>>> Prepare Base Model started <<<<<<:]
[2026-06-09 16:57:02,152: INFO: common: YAML file config\config.yaml loaded successfully:]
[2026-06-09 16:57:02,156: INFO: common: YAML file params.yaml loaded successfully:]
[2026-06-09 16:57:02,158: INFO: common: created directory at: artifacts:]
[2026-06-09 16:57:02,158: INFO: common: created directory at: artifacts/prepare_base_model:]
[2026-06-09 16:57:02,846: WARNING: saving_api: You are saving your model as an HDF5 file via `model.save()` or `keras.saving.save_model(model)`. This file format is considered legacy. We recommend using instead the native Keras format, e.g. `model.save('my_model.keras')` or `keras.saving.save_model(model, 'my_model.keras')`. :]
[2026-06-09 16:57:03,022: WARNING: config: TensorFlow GPU support is not available on native Windows for TensorFlow >= 2.11. Even if CUDA/cuDNN are installed, GPU will not be used. Please use WSL2 or the TensorFlow-DirectML plugin.:]
[2026-06-09 16:57:03,056: WARNING: saving_api: You are saving your model as an HDF5 file via `model.save()` or `keras.saving.save_model(model)`. This file format is considered legacy. We recommend using instead the native Keras format, e.g. `model.save('my_model.keras')` or `keras.saving.save_model(model, 'my_model.keras')`. :]
[2026-06-09 16:57:03,212: INFO: main: >>>>>> Prepare Base Model completed <<<<<<

x==========x:]
[2026-06-09 16:57:03,212: INFO: main: >>>>>> Training started <<<<<<:]
[2026-06-09 16:57:03,215: INFO: common: YAML file config\config.yaml loaded successfully:]
[2026-06-09 16:57:03,217: INFO: common: YAML file params.yaml loaded successfully:]
[2026-06-09 16:57:03,217: INFO: common: created directory at: artifacts:]
[2026-06-09 16:57:03,219: INFO: common: created directory at: artifacts\prepare_callbacks\checkpoint_dir:]
[2026-06-09 16:57:03,221: INFO: common: created directory at: artifacts\prepare_callbacks\tensorboard_log_dir:]
[2026-06-09 16:57:03,222: INFO: common: created directory at: artifacts\training:]
[2026-06-09 16:57:03,476: WARNING: saving_utils: Compiled the loaded model, but the compiled metrics have yet to be built. `model.compile_metrics` will be empty until you train or evaluate the model.:]
[2026-06-09 17:00:59,762: WARNING: saving_api: You are saving your model as an HDF5 file via `model.save()` or `keras.saving.save_model(model)`. This file format is considered legacy. We recommend using instead the native Keras format, e.g. `model.save('my_model.keras')` or `keras.saving.save_model(model, 'my_model.keras')`. :]
[2026-06-09 17:00:59,948: WARNING: saving_api: You are saving your model as an HDF5 file via `model.save()` or `keras.saving.save_model(model)`. This file format is considered legacy. We recommend using instead the native Keras format, e.g. `model.save('my_model.keras')` or `keras.saving.save_model(model, 'my_model.keras')`. :]
[2026-06-09 17:01:00,126: INFO: main: >>>>>> Training completed <<<<<<

x==========x:]
[2026-06-10 17:06:42,892: INFO: main: >>>>>> Data Ingestion Stage started <<<<<<:]
[2026-06-10 17:06:42,896: INFO: common: YAML file config\config.yaml loaded successfully:]
[2026-06-10 17:06:42,896: INFO: common: YAML file params.yaml loaded successfully:]
[2026-06-10 17:06:42,899: INFO: common: created directory at: artifacts:]
[2026-06-10 17:06:42,899: INFO: common: created directory at: artifacts/data_ingestion:]
[2026-06-10 17:06:42,901: INFO: data_ingestion: File already exists of size: ~ 11345 KB:]
[2026-06-10 17:06:44,174: INFO: main: >>>>>> Data Ingestion Stage completed <<<<<<

x==========x:]
[2026-06-10 17:06:44,174: INFO: main: >>>>>> Prepare Base Model started <<<<<<:]
[2026-06-10 17:06:44,178: INFO: common: YAML file config\config.yaml loaded successfully:]
[2026-06-10 17:06:44,181: INFO: common: YAML file params.yaml loaded successfully:]
[2026-06-10 17:06:44,183: INFO: common: created directory at: artifacts:]
[2026-06-10 17:06:44,184: INFO: common: created directory at: artifacts/prepare_base_model:]
[2026-06-10 17:06:45,005: WARNING: saving_api: You are saving your model as an HDF5 file via `model.save()` or `keras.saving.save_model(model)`. This file format is considered legacy. We recommend using instead the native Keras format, e.g. `model.save('my_model.keras')` or `keras.saving.save_model(model, 'my_model.keras')`. :]
[2026-06-10 17:06:45,261: WARNING: config: TensorFlow GPU support is not available on native Windows for TensorFlow >= 2.11. Even if CUDA/cuDNN are installed, GPU will not be used. Please use WSL2 or the TensorFlow-DirectML plugin.:]
[2026-06-10 17:06:45,328: WARNING: saving_api: You are saving your model as an HDF5 file via `model.save()` or `keras.saving.save_model(model)`. This file format is considered legacy. We recommend using instead the native Keras format, e.g. `model.save('my_model.keras')` or `keras.saving.save_model(model, 'my_model.keras')`. :]
[2026-06-10 17:06:45,532: INFO: main: >>>>>> Prepare Base Model completed <<<<<<

x==========x:]
[2026-06-10 17:06:45,532: INFO: main: >>>>>> Training started <<<<<<:]
[2026-06-10 17:06:45,535: INFO: common: YAML file config\config.yaml loaded successfully:]
[2026-06-10 17:06:45,538: INFO: common: YAML file params.yaml loaded successfully:]
[2026-06-10 17:06:45,538: INFO: common: created directory at: artifacts:]
[2026-06-10 17:06:45,540: INFO: common: created directory at: artifacts\prepare_callbacks\checkpoint_dir:]
[2026-06-10 17:06:45,541: INFO: common: created directory at: artifacts\prepare_callbacks\tensorboard_log_dir:]
[2026-06-10 17:06:45,542: INFO: common: created directory at: artifacts\training:]
[2026-06-10 17:06:45,876: WARNING: saving_utils: Compiled the loaded model, but the compiled metrics have yet to be built. `model.compile_metrics` will be empty until you train or evaluate the model.:]
[2026-06-10 17:11:06,251: WARNING: saving_api: You are saving your model as an HDF5 file via `model.save()` or `keras.saving.save_model(model)`. This file format is considered legacy. We recommend using instead the native Keras format, e.g. `model.save('my_model.keras')` or `keras.saving.save_model(model, 'my_model.keras')`. :]
[2026-06-10 17:11:06,407: WARNING: saving_api: You are saving your model as an HDF5 file via `model.save()` or `keras.saving.save_model(model)`. This file format is considered legacy. We recommend using instead the native Keras format, e.g. `model.save('my_model.keras')` or `keras.saving.save_model(model, 'my_model.keras')`. :]
[2026-06-10 17:11:06,540: INFO: main: >>>>>> Training completed <<<<<<

x==========x:]
[2026-06-10 17:11:06,543: INFO: main: >>>>>> Evaluation started <<<<<<:]
[2026-06-10 17:11:06,543: INFO: common: YAML file config\config.yaml loaded successfully:]
[2026-06-10 17:11:06,547: INFO: common: YAML file params.yaml loaded successfully:]
[2026-06-10 17:11:06,547: INFO: common: created directory at: artifacts:]
[2026-06-10 17:11:06,765: WARNING: saving_utils: Compiled the loaded model, but the compiled metrics have yet to be built. `model.compile_metrics` will be empty until you train or evaluate the model.:]
[2026-06-10 17:11:27,493: INFO: common: json file saved at: scores.json:]
[2026-06-10 17:11:27,493: INFO: main: >>>>>> Evaluation completed <<<<<<

x==========x:]
[2026-06-12 16:54:04,907: INFO: stage_01_data_ingestion: >>>> stage Data Ingestion stage started >>>>>:]
[2026-06-12 16:54:04,912: INFO: common: YAML file config\config.yaml loaded successfully:]
[2026-06-12 16:54:04,915: INFO: common: YAML file params.yaml loaded successfully:]
[2026-06-12 16:54:04,917: INFO: common: created directory at: artifacts:]
[2026-06-12 16:54:04,917: INFO: common: created directory at: artifacts/data_ingestion:]
[2026-06-12 16:54:04,919: INFO: data_ingestion: File already exists of size: ~ 11345 KB:]
[2026-06-12 16:54:05,973: INFO: stage_01_data_ingestion: >>> stage Data Ingestion stage completed >>>>>

 x======x:]
[2026-06-12 16:54:51,764: INFO: stage_01_data_ingestion: >>>> stage Data Ingestion stage started >>>>>:]
[2026-06-12 16:54:51,769: INFO: common: YAML file config\config.yaml loaded successfully:]
[2026-06-12 16:54:51,772: INFO: common: YAML file params.yaml loaded successfully:]
[2026-06-12 16:54:51,772: INFO: common: created directory at: artifacts:]
[2026-06-12 16:54:51,773: INFO: common: created directory at: artifacts/data_ingestion:]
[2026-06-12 16:54:51,774: INFO: data_ingestion: File already exists of size: ~ 11345 KB:]
[2026-06-12 16:54:52,764: INFO: stage_01_data_ingestion: >>> stage Data Ingestion stage completed >>>>>

 x======x:]
[2026-06-12 16:55:09,788: INFO: stage_02_prepare_base_model: *******************:]
[2026-06-12 16:55:09,788: INFO: stage_02_prepare_base_model: >>>>>> stage Prepare base model started <<<<<<:]
[2026-06-12 16:55:09,793: INFO: common: YAML file config\config.yaml loaded successfully:]
[2026-06-12 16:55:09,793: INFO: common: YAML file params.yaml loaded successfully:]
[2026-06-12 16:55:09,793: INFO: common: created directory at: artifacts:]
[2026-06-12 16:55:09,793: INFO: common: created directory at: artifacts/prepare_base_model:]
[2026-06-12 16:55:10,565: WARNING: saving_api: You are saving your model as an HDF5 file via `model.save()` or `keras.saving.save_model(model)`. This file format is considered legacy. We recommend using instead the native Keras format, e.g. `model.save('my_model.keras')` or `keras.saving.save_model(model, 'my_model.keras')`. :]
[2026-06-12 16:55:10,769: WARNING: config: TensorFlow GPU support is not available on native Windows for TensorFlow >= 2.11. Even if CUDA/cuDNN are installed, GPU will not be used. Please use WSL2 or the TensorFlow-DirectML plugin.:]
[2026-06-12 16:55:10,809: WARNING: saving_api: You are saving your model as an HDF5 file via `model.save()` or `keras.saving.save_model(model)`. This file format is considered legacy. We recommend using instead the native Keras format, e.g. `model.save('my_model.keras')` or `keras.saving.save_model(model, 'my_model.keras')`. :]
[2026-06-12 16:55:10,960: INFO: stage_02_prepare_base_model: >>>>>> stage Prepare base model completed <<<<<<

x==========x:]
[2026-06-12 16:55:52,241: INFO: stage_02_prepare_base_model: *******************:]
[2026-06-12 16:55:52,241: INFO: stage_02_prepare_base_model: >>>>>> stage Prepare base model started <<<<<<:]
[2026-06-12 16:55:52,244: INFO: common: YAML file config\config.yaml loaded successfully:]
[2026-06-12 16:55:52,245: INFO: common: YAML file params.yaml loaded successfully:]
[2026-06-12 16:55:52,245: INFO: common: created directory at: artifacts:]
[2026-06-12 16:55:52,248: INFO: common: created directory at: artifacts/prepare_base_model:]
[2026-06-12 16:55:52,718: WARNING: saving_api: You are saving your model as an HDF5 file via `model.save()` or `keras.saving.save_model(model)`. This file format is considered legacy. We recommend using instead the native Keras format, e.g. `model.save('my_model.keras')` or `keras.saving.save_model(model, 'my_model.keras')`. :]
[2026-06-12 16:55:52,876: WARNING: config: TensorFlow GPU support is not available on native Windows for TensorFlow >= 2.11. Even if CUDA/cuDNN are installed, GPU will not be used. Please use WSL2 or the TensorFlow-DirectML plugin.:]
[2026-06-12 16:55:52,904: WARNING: saving_api: You are saving your model as an HDF5 file via `model.save()` or `keras.saving.save_model(model)`. This file format is considered legacy. We recommend using instead the native Keras format, e.g. `model.save('my_model.keras')` or `keras.saving.save_model(model, 'my_model.keras')`. :]
[2026-06-12 16:55:53,025: INFO: stage_02_prepare_base_model: >>>>>> stage Prepare base model completed <<<<<<

x==========x:]
[2026-06-12 16:56:01,954: INFO: stage_03_training: *******************:]
[2026-06-12 16:56:01,954: INFO: stage_03_training: >>>>>> stage Training started <<<<<<:]
[2026-06-12 16:56:01,958: INFO: common: YAML file config\config.yaml loaded successfully:]
[2026-06-12 16:56:01,961: INFO: common: YAML file params.yaml loaded successfully:]
[2026-06-12 16:56:01,961: INFO: common: created directory at: artifacts:]
[2026-06-12 16:56:01,961: INFO: common: created directory at: artifacts\prepare_callbacks\checkpoint_dir:]
[2026-06-12 16:56:01,961: INFO: common: created directory at: artifacts\prepare_callbacks\tensorboard_log_dir:]
[2026-06-12 16:56:01,964: INFO: common: created directory at: artifacts\training:]
[2026-06-12 16:56:02,356: WARNING: config: TensorFlow GPU support is not available on native Windows for TensorFlow >= 2.11. Even if CUDA/cuDNN are installed, GPU will not be used. Please use WSL2 or the TensorFlow-DirectML plugin.:]
[2026-06-12 16:56:02,361: WARNING: saving_utils: Compiled the loaded model, but the compiled metrics have yet to be built. `model.compile_metrics` will be empty until you train or evaluate the model.:]
[2026-06-12 16:59:38,572: WARNING: saving_api: You are saving your model as an HDF5 file via `model.save()` or `keras.saving.save_model(model)`. This file format is considered legacy. We recommend using instead the native Keras format, e.g. `model.save('my_model.keras')` or `keras.saving.save_model(model, 'my_model.keras')`. :]
[2026-06-12 16:59:38,846: WARNING: saving_api: You are saving your model as an HDF5 file via `model.save()` or `keras.saving.save_model(model)`. This file format is considered legacy. We recommend using instead the native Keras format, e.g. `model.save('my_model.keras')` or `keras.saving.save_model(model, 'my_model.keras')`. :]
[2026-06-12 16:59:39,233: INFO: stage_03_training: >>>>>> stage Training completed <<<<<<

x==========x:]
[2026-06-12 17:00:24,476: INFO: stage_03_training: *******************:]
[2026-06-12 17:00:24,479: INFO: stage_03_training: >>>>>> stage Training started <<<<<<:]
[2026-06-12 17:00:24,482: INFO: common: YAML file config\config.yaml loaded successfully:]
[2026-06-12 17:00:24,487: INFO: common: YAML file params.yaml loaded successfully:]
[2026-06-12 17:00:24,488: INFO: common: created directory at: artifacts:]
[2026-06-12 17:00:24,488: INFO: common: created directory at: artifacts\prepare_callbacks\checkpoint_dir:]
[2026-06-12 17:00:24,489: INFO: common: created directory at: artifacts\prepare_callbacks\tensorboard_log_dir:]
[2026-06-12 17:00:24,490: INFO: common: created directory at: artifacts\training:]
[2026-06-12 17:00:24,954: WARNING: config: TensorFlow GPU support is not available on native Windows for TensorFlow >= 2.11. Even if CUDA/cuDNN are installed, GPU will not be used. Please use WSL2 or the TensorFlow-DirectML plugin.:]
[2026-06-12 17:00:24,959: WARNING: saving_utils: Compiled the loaded model, but the compiled metrics have yet to be built. `model.compile_metrics` will be empty until you train or evaluate the model.:]
[2026-06-12 17:04:18,702: WARNING: saving_api: You are saving your model as an HDF5 file via `model.save()` or `keras.saving.save_model(model)`. This file format is considered legacy. We recommend using instead the native Keras format, e.g. `model.save('my_model.keras')` or `keras.saving.save_model(model, 'my_model.keras')`. :]
[2026-06-12 17:04:18,958: WARNING: saving_api: You are saving your model as an HDF5 file via `model.save()` or `keras.saving.save_model(model)`. This file format is considered legacy. We recommend using instead the native Keras format, e.g. `model.save('my_model.keras')` or `keras.saving.save_model(model, 'my_model.keras')`. :]
[2026-06-12 17:04:19,133: INFO: stage_03_training: >>>>>> stage Training completed <<<<<<

x==========x:]
[2026-06-12 17:04:36,421: INFO: stage_04_evaluation: *******************:]
[2026-06-12 17:04:36,422: INFO: stage_04_evaluation: >>>>>> stage Evaluation stage started <<<<<<:]
[2026-06-12 17:04:36,431: INFO: common: YAML file config\config.yaml loaded successfully:]
[2026-06-12 17:04:36,433: INFO: common: YAML file params.yaml loaded successfully:]
[2026-06-12 17:04:36,435: INFO: common: created directory at: artifacts:]
[2026-06-12 17:04:37,140: WARNING: config: TensorFlow GPU support is not available on native Windows for TensorFlow >= 2.11. Even if CUDA/cuDNN are installed, GPU will not be used. Please use WSL2 or the TensorFlow-DirectML plugin.:]
[2026-06-12 17:04:37,145: WARNING: saving_utils: Compiled the loaded model, but the compiled metrics have yet to be built. `model.compile_metrics` will be empty until you train or evaluate the model.:]
[2026-06-12 17:05:00,525: INFO: common: json file saved at: scores.json:]
[2026-06-12 17:05:00,525: INFO: stage_04_evaluation: >>>>>> stage Evaluation stage completed <<<<<<

x==========x:]
